2021-11-05 00:13:38.446  INFO 12756 --- [main] tn.esprit.spring.tests.EmployeTest       : Starting EmployeTest on DESKTOP-0079LV0 with PID 12756 (started by toshi in C:\Users\toshi\Desktop\New folder\TimesheetProject\TimesheetProject)
2021-11-05 00:13:38.449  INFO 12756 --- [main] tn.esprit.spring.tests.EmployeTest       : No active profile set, falling back to default profiles: default
2021-11-05 00:13:38.940  INFO 12756 --- [main] .s.d.r.c.RepositoryConfigurationDelegate : Bootstrapping Spring Data repositories in DEFAULT mode.
2021-11-05 00:13:39.001  INFO 12756 --- [main] .s.d.r.c.RepositoryConfigurationDelegate : Finished Spring Data repository scanning in 55ms. Found 6 repository interfaces.
2021-11-05 00:13:39.301  INFO 12756 --- [main] trationDelegate$BeanPostProcessorChecker : Bean 'org.springframework.transaction.annotation.ProxyTransactionManagementConfiguration' of type [org.springframework.transaction.annotation.ProxyTransactionManagementConfiguration$$EnhancerBySpringCGLIB$$c055871] is not eligible for getting processed by all BeanPostProcessors (for example: not eligible for auto-proxying)
2021-11-05 00:13:39.459  INFO 12756 --- [main] com.zaxxer.hikari.HikariDataSource       : HikariPool-1 - Starting...
2021-11-05 00:13:39.568  INFO 12756 --- [main] com.zaxxer.hikari.HikariDataSource       : HikariPool-1 - Start completed.
2021-11-05 00:13:39.618  INFO 12756 --- [main] o.hibernate.jpa.internal.util.LogHelper  : HHH000204: Processing PersistenceUnitInfo [
	name: default
	...]
2021-11-05 00:13:39.667  INFO 12756 --- [main] org.hibernate.Version                    : HHH000412: Hibernate Core {5.3.9.Final}
2021-11-05 00:13:39.668  INFO 12756 --- [main] org.hibernate.cfg.Environment            : HHH000206: hibernate.properties not found
2021-11-05 00:13:39.788  INFO 12756 --- [main] o.hibernate.annotations.common.Version   : HCANN000001: Hibernate Commons Annotations {5.0.4.Final}
2021-11-05 00:13:39.926  INFO 12756 --- [main] org.hibernate.dialect.Dialect            : HHH000400: Using dialect: org.hibernate.dialect.MySQL5Dialect
2021-11-05 00:13:40.661  INFO 12756 --- [main] j.LocalContainerEntityManagerFactoryBean : Initialized JPA EntityManagerFactory for persistence unit 'default'
2021-11-05 00:13:40.931  INFO 12756 --- [main] o.h.h.i.QueryTranslatorFactoryInitiator  : HHH000397: Using ASTQueryTranslatorFactory
2021-11-05 00:13:41.565  INFO 12756 --- [main] o.s.s.concurrent.ThreadPoolTaskExecutor  : Initializing ExecutorService 'applicationTaskExecutor'
2021-11-05 00:13:41.601  WARN 12756 --- [main] aWebConfiguration$JpaWebMvcConfiguration : spring.jpa.open-in-view is enabled by default. Therefore, database queries may be performed during view rendering. Explicitly configure spring.jpa.open-in-view to disable this warning
2021-11-05 00:13:41.833  INFO 12756 --- [main] tn.esprit.spring.tests.EmployeTest       : Started EmployeTest in 3.577 seconds (JVM running for 4.17)
2021-11-05 00:13:42.174  INFO 12756 --- [Thread-1] o.s.s.concurrent.ThreadPoolTaskExecutor  : Shutting down ExecutorService 'applicationTaskExecutor'
2021-11-05 00:13:42.175  INFO 12756 --- [Thread-1] j.LocalContainerEntityManagerFactoryBean : Closing JPA EntityManagerFactory for persistence unit 'default'
2021-11-05 00:13:42.176  INFO 12756 --- [Thread-1] com.zaxxer.hikari.HikariDataSource       : HikariPool-1 - Shutdown initiated...
2021-11-05 00:13:42.179  INFO 12756 --- [Thread-1] com.zaxxer.hikari.HikariDataSource       : HikariPool-1 - Shutdown completed.
2021-11-05 00:51:13.470  INFO 5304 --- [main] tn.esprit.spring.tests.EmployeTest       : Starting EmployeTest on DESKTOP-0079LV0 with PID 5304 (started by toshi in C:\Users\toshi\Desktop\New folder\TimesheetProject\TimesheetProject)
2021-11-05 00:51:13.471  INFO 5304 --- [main] tn.esprit.spring.tests.EmployeTest       : No active profile set, falling back to default profiles: default
2021-11-05 00:51:13.942  INFO 5304 --- [main] .s.d.r.c.RepositoryConfigurationDelegate : Bootstrapping Spring Data repositories in DEFAULT mode.
2021-11-05 00:51:14.001  INFO 5304 --- [main] .s.d.r.c.RepositoryConfigurationDelegate : Finished Spring Data repository scanning in 54ms. Found 6 repository interfaces.
2021-11-05 00:51:14.262  INFO 5304 --- [main] trationDelegate$BeanPostProcessorChecker : Bean 'org.springframework.transaction.annotation.ProxyTransactionManagementConfiguration' of type [org.springframework.transaction.annotation.ProxyTransactionManagementConfiguration$$EnhancerBySpringCGLIB$$b920e5f6] is not eligible for getting processed by all BeanPostProcessors (for example: not eligible for auto-proxying)
2021-11-05 00:51:14.417  INFO 5304 --- [main] com.zaxxer.hikari.HikariDataSource       : HikariPool-1 - Starting...
2021-11-05 00:51:14.539  INFO 5304 --- [main] com.zaxxer.hikari.HikariDataSource       : HikariPool-1 - Start completed.
2021-11-05 00:51:14.600  INFO 5304 --- [main] o.hibernate.jpa.internal.util.LogHelper  : HHH000204: Processing PersistenceUnitInfo [
	name: default
	...]
2021-11-05 00:51:14.653  INFO 5304 --- [main] org.hibernate.Version                    : HHH000412: Hibernate Core {5.3.9.Final}
2021-11-05 00:51:14.654  INFO 5304 --- [main] org.hibernate.cfg.Environment            : HHH000206: hibernate.properties not found
2021-11-05 00:51:14.775  INFO 5304 --- [main] o.hibernate.annotations.common.Version   : HCANN000001: Hibernate Commons Annotations {5.0.4.Final}
2021-11-05 00:51:14.912  INFO 5304 --- [main] org.hibernate.dialect.Dialect            : HHH000400: Using dialect: org.hibernate.dialect.MySQL5Dialect
2021-11-05 00:51:15.525  INFO 5304 --- [main] j.LocalContainerEntityManagerFactoryBean : Initialized JPA EntityManagerFactory for persistence unit 'default'
2021-11-05 00:51:15.790  INFO 5304 --- [main] o.h.h.i.QueryTranslatorFactoryInitiator  : HHH000397: Using ASTQueryTranslatorFactory
2021-11-05 00:51:16.401  INFO 5304 --- [main] o.s.s.concurrent.ThreadPoolTaskExecutor  : Initializing ExecutorService 'applicationTaskExecutor'
2021-11-05 00:51:16.435  WARN 5304 --- [main] aWebConfiguration$JpaWebMvcConfiguration : spring.jpa.open-in-view is enabled by default. Therefore, database queries may be performed during view rendering. Explicitly configure spring.jpa.open-in-view to disable this warning
2021-11-05 00:51:16.670  INFO 5304 --- [main] tn.esprit.spring.tests.EmployeTest       : Started EmployeTest in 3.401 seconds (JVM running for 3.989)
2021-11-05 00:51:16.959  INFO 5304 --- [Thread-1] o.s.s.concurrent.ThreadPoolTaskExecutor  : Shutting down ExecutorService 'applicationTaskExecutor'
2021-11-05 00:51:16.961  INFO 5304 --- [Thread-1] j.LocalContainerEntityManagerFactoryBean : Closing JPA EntityManagerFactory for persistence unit 'default'
2021-11-05 00:51:16.963  INFO 5304 --- [Thread-1] com.zaxxer.hikari.HikariDataSource       : HikariPool-1 - Shutdown initiated...
2021-11-05 00:51:16.966  INFO 5304 --- [Thread-1] com.zaxxer.hikari.HikariDataSource       : HikariPool-1 - Shutdown completed.
2021-11-05 01:11:55.212  INFO 3940 --- [main] tn.esprit.spring.tests.EmployeTest       : Starting EmployeTest on DESKTOP-0079LV0 with PID 3940 (started by toshi in C:\Users\toshi\Desktop\New folder\TimesheetProject\TimesheetProject)
2021-11-05 01:11:55.213  INFO 3940 --- [main] tn.esprit.spring.tests.EmployeTest       : No active profile set, falling back to default profiles: default
2021-11-05 01:11:55.706  INFO 3940 --- [main] .s.d.r.c.RepositoryConfigurationDelegate : Bootstrapping Spring Data repositories in DEFAULT mode.
2021-11-05 01:11:55.767  INFO 3940 --- [main] .s.d.r.c.RepositoryConfigurationDelegate : Finished Spring Data repository scanning in 55ms. Found 6 repository interfaces.
2021-11-05 01:11:56.032  INFO 3940 --- [main] trationDelegate$BeanPostProcessorChecker : Bean 'org.springframework.transaction.annotation.ProxyTransactionManagementConfiguration' of type [org.springframework.transaction.annotation.ProxyTransactionManagementConfiguration$$EnhancerBySpringCGLIB$$bde4a2fa] is not eligible for getting processed by all BeanPostProcessors (for example: not eligible for auto-proxying)
2021-11-05 01:11:56.195  INFO 3940 --- [main] com.zaxxer.hikari.HikariDataSource       : HikariPool-1 - Starting...
2021-11-05 01:11:56.301  INFO 3940 --- [main] com.zaxxer.hikari.HikariDataSource       : HikariPool-1 - Start completed.
2021-11-05 01:11:56.350  INFO 3940 --- [main] o.hibernate.jpa.internal.util.LogHelper  : HHH000204: Processing PersistenceUnitInfo [
	name: default
	...]
2021-11-05 01:11:56.408  INFO 3940 --- [main] org.hibernate.Version                    : HHH000412: Hibernate Core {5.3.9.Final}
2021-11-05 01:11:56.409  INFO 3940 --- [main] org.hibernate.cfg.Environment            : HHH000206: hibernate.properties not found
2021-11-05 01:11:56.528  INFO 3940 --- [main] o.hibernate.annotations.common.Version   : HCANN000001: Hibernate Commons Annotations {5.0.4.Final}
2021-11-05 01:11:56.665  INFO 3940 --- [main] org.hibernate.dialect.Dialect            : HHH000400: Using dialect: org.hibernate.dialect.MySQL5Dialect
2021-11-05 01:11:57.297  INFO 3940 --- [main] j.LocalContainerEntityManagerFactoryBean : Initialized JPA EntityManagerFactory for persistence unit 'default'
2021-11-05 01:11:57.559  INFO 3940 --- [main] o.h.h.i.QueryTranslatorFactoryInitiator  : HHH000397: Using ASTQueryTranslatorFactory
2021-11-05 01:11:58.168  INFO 3940 --- [main] o.s.s.concurrent.ThreadPoolTaskExecutor  : Initializing ExecutorService 'applicationTaskExecutor'
2021-11-05 01:11:58.206  WARN 3940 --- [main] aWebConfiguration$JpaWebMvcConfiguration : spring.jpa.open-in-view is enabled by default. Therefore, database queries may be performed during view rendering. Explicitly configure spring.jpa.open-in-view to disable this warning
2021-11-05 01:11:58.435  INFO 3940 --- [main] tn.esprit.spring.tests.EmployeTest       : Started EmployeTest in 3.425 seconds (JVM running for 3.997)
2021-11-05 01:11:58.749  INFO 3940 --- [Thread-1] o.s.s.concurrent.ThreadPoolTaskExecutor  : Shutting down ExecutorService 'applicationTaskExecutor'
2021-11-05 01:11:58.750  INFO 3940 --- [Thread-1] j.LocalContainerEntityManagerFactoryBean : Closing JPA EntityManagerFactory for persistence unit 'default'
2021-11-05 01:11:58.752  INFO 3940 --- [Thread-1] com.zaxxer.hikari.HikariDataSource       : HikariPool-1 - Shutdown initiated...
2021-11-05 01:11:58.755  INFO 3940 --- [Thread-1] com.zaxxer.hikari.HikariDataSource       : HikariPool-1 - Shutdown completed.
2021-11-05 11:50:25.521  INFO 2724 --- [main] tn.esprit.spring.tests.EmployeTest       : Starting EmployeTest on DESKTOP-0079LV0 with PID 2724 (started by toshi in C:\Users\toshi\Desktop\New folder\TimesheetProject\TimesheetProject)
2021-11-05 11:50:25.523  INFO 2724 --- [main] tn.esprit.spring.tests.EmployeTest       : No active profile set, falling back to default profiles: default
2021-11-05 11:50:26.373  INFO 2724 --- [main] .s.d.r.c.RepositoryConfigurationDelegate : Bootstrapping Spring Data repositories in DEFAULT mode.
2021-11-05 11:50:26.465  INFO 2724 --- [main] .s.d.r.c.RepositoryConfigurationDelegate : Finished Spring Data repository scanning in 83ms. Found 6 repository interfaces.
2021-11-05 11:50:26.916  INFO 2724 --- [main] trationDelegate$BeanPostProcessorChecker : Bean 'org.springframework.transaction.annotation.ProxyTransactionManagementConfiguration' of type [org.springframework.transaction.annotation.ProxyTransactionManagementConfiguration$$EnhancerBySpringCGLIB$$3be850f5] is not eligible for getting processed by all BeanPostProcessors (for example: not eligible for auto-proxying)
2021-11-05 11:50:27.163  INFO 2724 --- [main] com.zaxxer.hikari.HikariDataSource       : HikariPool-1 - Starting...
2021-11-05 11:50:27.322  INFO 2724 --- [main] com.zaxxer.hikari.HikariDataSource       : HikariPool-1 - Start completed.
2021-11-05 11:50:27.450  INFO 2724 --- [main] o.hibernate.jpa.internal.util.LogHelper  : HHH000204: Processing PersistenceUnitInfo [
	name: default
	...]
2021-11-05 11:50:27.536  INFO 2724 --- [main] org.hibernate.Version                    : HHH000412: Hibernate Core {5.3.9.Final}
2021-11-05 11:50:27.539  INFO 2724 --- [main] org.hibernate.cfg.Environment            : HHH000206: hibernate.properties not found
2021-11-05 11:50:27.710  INFO 2724 --- [main] o.hibernate.annotations.common.Version   : HCANN000001: Hibernate Commons Annotations {5.0.4.Final}
2021-11-05 11:50:27.948  INFO 2724 --- [main] org.hibernate.dialect.Dialect            : HHH000400: Using dialect: org.hibernate.dialect.MySQL5Dialect
2021-11-05 11:50:29.036  INFO 2724 --- [main] j.LocalContainerEntityManagerFactoryBean : Initialized JPA EntityManagerFactory for persistence unit 'default'
2021-11-05 11:50:29.451  INFO 2724 --- [main] o.h.h.i.QueryTranslatorFactoryInitiator  : HHH000397: Using ASTQueryTranslatorFactory
2021-11-05 11:50:30.397  INFO 2724 --- [main] o.s.s.concurrent.ThreadPoolTaskExecutor  : Initializing ExecutorService 'applicationTaskExecutor'
2021-11-05 11:50:30.467  WARN 2724 --- [main] aWebConfiguration$JpaWebMvcConfiguration : spring.jpa.open-in-view is enabled by default. Therefore, database queries may be performed during view rendering. Explicitly configure spring.jpa.open-in-view to disable this warning
2021-11-05 11:50:30.808  INFO 2724 --- [main] tn.esprit.spring.tests.EmployeTest       : Started EmployeTest in 5.624 seconds (JVM running for 6.897)
2021-11-05 11:50:31.298  INFO 2724 --- [Thread-2] o.s.s.concurrent.ThreadPoolTaskExecutor  : Shutting down ExecutorService 'applicationTaskExecutor'
2021-11-05 11:50:31.300  INFO 2724 --- [Thread-2] j.LocalContainerEntityManagerFactoryBean : Closing JPA EntityManagerFactory for persistence unit 'default'
2021-11-05 11:50:31.303  INFO 2724 --- [Thread-2] com.zaxxer.hikari.HikariDataSource       : HikariPool-1 - Shutdown initiated...
2021-11-05 11:50:31.309  INFO 2724 --- [Thread-2] com.zaxxer.hikari.HikariDataSource       : HikariPool-1 - Shutdown completed.
2021-11-05 11:52:53.256  INFO 6716 --- [main] t.e.spring.entreprise.tests.EmployeTest  : Starting EmployeTest on DESKTOP-0079LV0 with PID 6716 (started by toshi in C:\Users\toshi\Desktop\New folder\TimesheetProject\TimesheetProject)
2021-11-05 11:52:53.258  INFO 6716 --- [main] t.e.spring.entreprise.tests.EmployeTest  : No active profile set, falling back to default profiles: default
2021-11-05 11:52:53.949  INFO 6716 --- [main] .s.d.r.c.RepositoryConfigurationDelegate : Bootstrapping Spring Data repositories in DEFAULT mode.
2021-11-05 11:52:54.036  INFO 6716 --- [main] .s.d.r.c.RepositoryConfigurationDelegate : Finished Spring Data repository scanning in 78ms. Found 6 repository interfaces.
2021-11-05 11:52:54.461  INFO 6716 --- [main] trationDelegate$BeanPostProcessorChecker : Bean 'org.springframework.transaction.annotation.ProxyTransactionManagementConfiguration' of type [org.springframework.transaction.annotation.ProxyTransactionManagementConfiguration$$EnhancerBySpringCGLIB$$3be850f5] is not eligible for getting processed by all BeanPostProcessors (for example: not eligible for auto-proxying)
2021-11-05 11:52:54.726  INFO 6716 --- [main] com.zaxxer.hikari.HikariDataSource       : HikariPool-1 - Starting...
2021-11-05 11:52:54.883  INFO 6716 --- [main] com.zaxxer.hikari.HikariDataSource       : HikariPool-1 - Start completed.
2021-11-05 11:52:54.982  INFO 6716 --- [main] o.hibernate.jpa.internal.util.LogHelper  : HHH000204: Processing PersistenceUnitInfo [
	name: default
	...]
2021-11-05 11:52:55.074  INFO 6716 --- [main] org.hibernate.Version                    : HHH000412: Hibernate Core {5.3.9.Final}
2021-11-05 11:52:55.075  INFO 6716 --- [main] org.hibernate.cfg.Environment            : HHH000206: hibernate.properties not found
2021-11-05 11:52:55.234  INFO 6716 --- [main] o.hibernate.annotations.common.Version   : HCANN000001: Hibernate Commons Annotations {5.0.4.Final}
2021-11-05 11:52:55.458  INFO 6716 --- [main] org.hibernate.dialect.Dialect            : HHH000400: Using dialect: org.hibernate.dialect.MySQL5Dialect
2021-11-05 11:52:56.355  INFO 6716 --- [main] j.LocalContainerEntityManagerFactoryBean : Initialized JPA EntityManagerFactory for persistence unit 'default'
2021-11-05 11:52:56.651  INFO 6716 --- [main] o.h.h.i.QueryTranslatorFactoryInitiator  : HHH000397: Using ASTQueryTranslatorFactory
2021-11-05 11:52:57.354  INFO 6716 --- [main] o.s.s.concurrent.ThreadPoolTaskExecutor  : Initializing ExecutorService 'applicationTaskExecutor'
2021-11-05 11:52:57.400  WARN 6716 --- [main] aWebConfiguration$JpaWebMvcConfiguration : spring.jpa.open-in-view is enabled by default. Therefore, database queries may be performed during view rendering. Explicitly configure spring.jpa.open-in-view to disable this warning
2021-11-05 11:52:57.685  INFO 6716 --- [main] t.e.spring.entreprise.tests.EmployeTest  : Started EmployeTest in 4.728 seconds (JVM running for 5.64)
2021-11-05 11:52:58.114  INFO 6716 --- [Thread-2] o.s.s.concurrent.ThreadPoolTaskExecutor  : Shutting down ExecutorService 'applicationTaskExecutor'
2021-11-05 11:52:58.116  INFO 6716 --- [Thread-2] j.LocalContainerEntityManagerFactoryBean : Closing JPA EntityManagerFactory for persistence unit 'default'
2021-11-05 11:52:58.118  INFO 6716 --- [Thread-2] com.zaxxer.hikari.HikariDataSource       : HikariPool-1 - Shutdown initiated...
2021-11-05 11:52:58.122  INFO 6716 --- [Thread-2] com.zaxxer.hikari.HikariDataSource       : HikariPool-1 - Shutdown completed.
